  Entry.cpp
C:\Users\ASUS\Desktop\正事\PathTracing\PNG\PNGImage.h(1,1): warning C4819: 该文件包含不能在当前代码页(936)中表示的字符。请将该文件保存为 Unicode 格式以防止数据丢失
C:\Users\ASUS\Desktop\正事\PathTracing\PNG\PNGImage.h(53,26): warning C4838: 从“int”转换到“const char”需要收缩转换
C:\Users\ASUS\Desktop\正事\PathTracing\PNG\PNGImage.h(53,26): warning C4309: “初始化”: 截断常量值
C:\Users\ASUS\Desktop\正事\PathTracing\PNG\PNGImage.h(54,66): warning C4838: 从“int”转换到“const char”需要收缩转换
C:\Users\ASUS\Desktop\正事\PathTracing\PNG\PNGImage.h(54,66): warning C4309: “初始化”: 截断常量值
C:\Users\ASUS\Desktop\正事\PathTracing\PNG\PNGImage.h(54,81): warning C4838: 从“int”转换到“const char”需要收缩转换
C:\Users\ASUS\Desktop\正事\PathTracing\PNG\PNGImage.h(54,81): warning C4309: “初始化”: 截断常量值
C:\Users\ASUS\Desktop\正事\PathTracing\Math\Ray.h(35,20): warning C4244: “初始化”: 从“int”转换到“float”，可能丢失数据
C:\Users\ASUS\Desktop\正事\PathTracing\Math\Ray.h(35,35): warning C4244: “初始化”: 从“int”转换到“float”，可能丢失数据
C:\Users\ASUS\Desktop\正事\PathTracing\Math\Ray.h(43,25): warning C4244: “=”: 从“double”转换到“float”，可能丢失数据
C:\Users\ASUS\Desktop\正事\PathTracing\PathTracing\Entry.cpp(22,35): warning C4305: “参数”: 从“double”到“t”截断
          with
          [
              t=float
          ]
C:\Users\ASUS\Desktop\正事\PathTracing\PathTracing\Entry.cpp(49,14): warning C4244: “初始化”: 从“int”转换到“float”，可能丢失数据
C:\Users\ASUS\Desktop\正事\PathTracing\PathTracing\Entry.cpp(50,14): warning C4244: “初始化”: 从“int”转换到“float”，可能丢失数据
C:\Users\ASUS\Desktop\正事\PathTracing\PathTracing\Entry.cpp(51,60): warning C4244: “参数”: 从“int”转换到“const float”，可能丢失数据
C:\Users\ASUS\Desktop\正事\PathTracing\PathTracing\Entry.cpp(70,3): warning C4244: “参数”: 从“double”转换到“unsigned char”，可能丢失数据
C:\Users\ASUS\Desktop\正事\PathTracing\PathTracing\Entry.cpp(69,12): warning C4244: “参数”: 从“double”转换到“unsigned char”，可能丢失数据
C:\Users\ASUS\Desktop\正事\PathTracing\PathTracing\Entry.cpp(68,12): warning C4244: “参数”: 从“double”转换到“unsigned char”，可能丢失数据
C:\Users\ASUS\Desktop\正事\PathTracing\PathTracing\Entry.cpp(67,24): warning C4244: “参数”: 从“double”转换到“unsigned char”，可能丢失数据
C:\Users\ASUS\Desktop\正事\PathTracing\PathTracing\Entry.cpp(136,48): warning C4305: “参数”: 从“double”到“t”截断
          with
          [
              t=float
          ]
C:\Users\ASUS\Desktop\正事\PathTracing\PathTracing\Entry.cpp(138,46): warning C4305: “参数”: 从“double”到“t”截断
          with
          [
              t=float
          ]
C:\Users\ASUS\Desktop\正事\PathTracing\PathTracing\Entry.cpp(138,48): warning C4305: “参数”: 从“double”到“float”截断
C:\Users\ASUS\Desktop\正事\PathTracing\PathTracing\Entry.cpp(139,51): warning C4305: “参数”: 从“double”到“t”截断
          with
          [
              t=float
          ]
C:\Users\ASUS\Desktop\正事\PathTracing\PathTracing\Entry.cpp(139,53): warning C4305: “参数”: 从“double”到“float”截断
C:\Users\ASUS\Desktop\正事\PathTracing\PathTracing\Entry.cpp(140,39): warning C4305: “参数”: 从“double”到“float”截断
C:\Users\ASUS\Desktop\正事\PathTracing\PathTracing\Entry.cpp(143,57): warning C4305: “参数”: 从“double”到“t”截断
          with
          [
              t=float
          ]
C:\Users\ASUS\Desktop\正事\PathTracing\PathTracing\Entry.cpp(143,90): warning C4305: “参数”: 从“double”到“t”截断
          with
          [
              t=float
          ]
C:\Users\ASUS\Desktop\正事\PathTracing\PathTracing\Entry.cpp(144,31): warning C4305: “参数”: 从“double”到“t”截断
          with
          [
              t=float
          ]
C:\Users\ASUS\Desktop\正事\PathTracing\PathTracing\Entry.cpp(151,59): warning C4305: “参数”: 从“double”到“float”截断
C:\Users\ASUS\Desktop\正事\PathTracing\PathTracing\Entry.cpp(152,69): warning C4305: “参数”: 从“double”到“float”截断
C:\Users\ASUS\Desktop\正事\PathTracing\PathTracing\Entry.cpp(153,68): warning C4305: “参数”: 从“double”到“float”截断
  PathTracing.vcxproj -> C:\Users\ASUS\Desktop\正事\PathTracing\Debug\PathTracing.exe
