  Entry.cpp
C:\Users\ASUS\Desktop\正事\PathTracing\PNG\PNGImage.h(1,1): warning C4819:  该文件包含不能在当前代码页(936)中表示的字符。请将该文件保存为 Unicode 格式以防止数据丢失
C:\Users\ASUS\Desktop\正事\PathTracing\PNG\PNGImage.h(53,26): warning C4838:  从“int”转换到“const char”需要收缩转换
C:\Users\ASUS\Desktop\正事\PathTracing\PNG\PNGImage.h(53,26): warning C4309:  “初始化”: 截断常量值
C:\Users\ASUS\Desktop\正事\PathTracing\PNG\PNGImage.h(54,66): warning C4838:  从“int”转换到“const char”需要收缩转换
C:\Users\ASUS\Desktop\正事\PathTracing\PNG\PNGImage.h(54,66): warning C4309:  “初始化”: 截断常量值
C:\Users\ASUS\Desktop\正事\PathTracing\PNG\PNGImage.h(54,81): warning C4838:  从“int”转换到“const char”需要收缩转换
C:\Users\ASUS\Desktop\正事\PathTracing\PNG\PNGImage.h(54,81): warning C4309:  “初始化”: 截断常量值
C:\Users\ASUS\Desktop\正事\PathTracing\Math\Ray.h(28,20): warning C4244:  “初始化”: 从“int”转换到“float”，可能丢失数据
C:\Users\ASUS\Desktop\正事\PathTracing\Math\Ray.h(28,35): warning C4244:  “初始化”: 从“int”转换到“float”，可能丢失数据
C:\Users\ASUS\Desktop\正事\PathTracing\PathTracing\Entry.cpp(41,14): warning C4244:  “初始化”: 从“int”转换到“float”，可能丢失数据
C:\Users\ASUS\Desktop\正事\PathTracing\PathTracing\Entry.cpp(42,14): warning C4244:  “初始化”: 从“int”转换到“float”，可能丢失数据
C:\Users\ASUS\Desktop\正事\PathTracing\PathTracing\Entry.cpp(43,60): warning C4244:  “参数”: 从“int”转换到“const float”，可能丢失数据
C:\Users\ASUS\Desktop\正事\PathTracing\PathTracing\Entry.cpp(60,3): warning C4244:  “参数”: 从“double”转换到“unsigned char”，可能丢失数据
C:\Users\ASUS\Desktop\正事\PathTracing\PathTracing\Entry.cpp(59,12): warning C4244:  “参数”: 从“double”转换到“unsigned char”，可能丢失数据
C:\Users\ASUS\Desktop\正事\PathTracing\PathTracing\Entry.cpp(58,12): warning C4244:  “参数”: 从“double”转换到“unsigned char”，可能丢失数据
C:\Users\ASUS\Desktop\正事\PathTracing\PathTracing\Entry.cpp(57,24): warning C4244:  “参数”: 从“double”转换到“unsigned char”，可能丢失数据
C:\Users\ASUS\Desktop\正事\PathTracing\PathTracing\Entry.cpp(98,48): warning C4305:  “参数”: 从“double”到“t”截断
C:\Users\ASUS\Desktop\正事\PathTracing\PathTracing\Entry.cpp(98,48): warning C4305:         with
C:\Users\ASUS\Desktop\正事\PathTracing\PathTracing\Entry.cpp(98,48): warning C4305:         [
C:\Users\ASUS\Desktop\正事\PathTracing\PathTracing\Entry.cpp(98,48): warning C4305:             t=float
C:\Users\ASUS\Desktop\正事\PathTracing\PathTracing\Entry.cpp(98,48): warning C4305:         ]
C:\Users\ASUS\Desktop\正事\PathTracing\PathTracing\Entry.cpp(100,46): warning C4305:  “参数”: 从“double”到“t”截断
C:\Users\ASUS\Desktop\正事\PathTracing\PathTracing\Entry.cpp(100,46): warning C4305:         with
C:\Users\ASUS\Desktop\正事\PathTracing\PathTracing\Entry.cpp(100,46): warning C4305:         [
C:\Users\ASUS\Desktop\正事\PathTracing\PathTracing\Entry.cpp(100,46): warning C4305:             t=float
C:\Users\ASUS\Desktop\正事\PathTracing\PathTracing\Entry.cpp(100,46): warning C4305:         ]
C:\Users\ASUS\Desktop\正事\PathTracing\PathTracing\Entry.cpp(100,48): warning C4305:  “参数”: 从“double”到“float”截断
C:\Users\ASUS\Desktop\正事\PathTracing\PathTracing\Entry.cpp(101,51): warning C4305:  “参数”: 从“double”到“t”截断
C:\Users\ASUS\Desktop\正事\PathTracing\PathTracing\Entry.cpp(101,51): warning C4305:         with
C:\Users\ASUS\Desktop\正事\PathTracing\PathTracing\Entry.cpp(101,51): warning C4305:         [
C:\Users\ASUS\Desktop\正事\PathTracing\PathTracing\Entry.cpp(101,51): warning C4305:             t=float
C:\Users\ASUS\Desktop\正事\PathTracing\PathTracing\Entry.cpp(101,51): warning C4305:         ]
C:\Users\ASUS\Desktop\正事\PathTracing\PathTracing\Entry.cpp(101,53): warning C4305:  “参数”: 从“double”到“float”截断
C:\Users\ASUS\Desktop\正事\PathTracing\PathTracing\Entry.cpp(102,39): warning C4305:  “参数”: 从“double”到“float”截断
C:\Users\ASUS\Desktop\正事\PathTracing\PathTracing\Entry.cpp(110,59): warning C4305:  “参数”: 从“double”到“float”截断
  正在生成代码
  3 of 465 functions ( 0.6%) were compiled, the rest were copied from previous compilation.
    0 functions were new in current compilation
    0 functions had inline decision re-evaluated but remain unchanged
  已完成代码的生成
  PathTracing.vcxproj -> C:\Users\ASUS\Desktop\正事\PathTracing\Release\PathTracing.exe
